2026-01-12 10:14:51,873 [INFO] [ETL:SP_UBT_GETRTSHOPCLOUD] Starting Stored Pocedure: SP_UBT_GETRTSHOPCLOUD
2026-01-12 10:14:51,874 [INFO] [ETL:SP_UBT_GETRTSHOPCLOUD] Runtime procdate: 20250625
2026-01-12 10:14:51,874 [INFO] [ETL:SP_UBT_GETRTSHOPCLOUD] Loading GST Config...
2026-01-12 10:14:52,048 [WARNING] [ETL:SP_UBT_GETRTSHOPCLOUD] No GST Rate found for the given procdate. Defaulting to 0.
2026-01-12 10:14:52,049 [INFO] [ETL:SP_UBT_GETRTSHOPCLOUD] Determining vInputTax values based on procdate...
2026-01-12 10:14:52,054 [INFO] [ETL:SP_UBT_GETRTSHOPCLOUD] vInputTax determined: P3
2026-01-12 10:14:53,041 [DEBUG] [ETL:SP_UBT_GETRTSHOPCLOUD] ztubt_terminal rows=1025
2026-01-12 10:14:53,189 [DEBUG] [ETL:SP_UBT_GETRTSHOPCLOUD] ztubt_terminal rows=1025
2026-01-12 10:14:53,190 [INFO] [ETL:SP_UBT_GETRTSHOPCLOUD] Calling SP_UBT_GETTRANSAMOUNTDETAILS ...
2026-01-12 10:14:53,190 [INFO] [ETL:SP_UBT_GETRTSHOPCLOUD] [SP_GETTRANSAMOUNTDETAILS] Initializing SP_UBT_GETTRANSAMOUNTDETAILS with input range from=20250625, to=20250625
2026-01-12 10:14:55,726 [INFO] [ETL:SP_UBT_GETRTSHOPCLOUD] [SP_GETTRANSAMOUNTDETAILS] Calling SP_UBT_GETCOMMONUBTDATES ...
2026-01-12 10:14:55,726 [INFO] [ETL:SP_UBT_GETRTSHOPCLOUD] [SP_GETCOMMONUBTDATES] Initializing SP_UBT_GETCOMMONUBTDATES with input range from=20250625, to=20250625
2026-01-12 10:14:59,056 [INFO] [ETL:SP_UBT_GETRTSHOPCLOUD] [SP_GETCOMMONUBTDATES] Retrieving BMCS/IGT/OB host ...
2026-01-12 10:14:59,056 [DEBUG] [ETL:SP_UBT_GETRTSHOPCLOUD] [SP_GETCOMMONUBTDATES] Querying perioddatetime for BMCS, date=2025-06-24 00:00:00
2026-01-12 10:14:59,784 [DEBUG] [ETL:SP_UBT_GETRTSHOPCLOUD] [SP_GETCOMMONUBTDATES] Querying perioddatetime for BMCS, date=2025-06-25 00:00:00
2026-01-12 10:15:00,175 [DEBUG] [ETL:SP_UBT_GETRTSHOPCLOUD] [SP_GETCOMMONUBTDATES] Querying perioddatetime for IGT, date=2025-06-24 00:00:00
2026-01-12 10:15:00,573 [DEBUG] [ETL:SP_UBT_GETRTSHOPCLOUD] [SP_GETCOMMONUBTDATES] Querying perioddatetime for IGT, date=2025-06-25 00:00:00
2026-01-12 10:15:00,942 [DEBUG] [ETL:SP_UBT_GETRTSHOPCLOUD] [SP_GETCOMMONUBTDATES] Querying perioddatetime for OB, date=2025-06-24 00:00:00
2026-01-12 10:15:01,327 [DEBUG] [ETL:SP_UBT_GETRTSHOPCLOUD] [SP_GETCOMMONUBTDATES] Querying perioddatetime for OB, date=2025-06-25 00:00:00
2026-01-12 10:15:01,693 [INFO] [ETL:SP_UBT_GETRTSHOPCLOUD] [SP_GETCOMMONUBTDATES] Retrieving NonHost window...
2026-01-12 10:15:01,952 [DEBUG] [ETL:SP_UBT_GETRTSHOPCLOUD] [SP_GETCOMMONUBTDATES] NonHost: from 2025-06-25 06:00:00 to 2025-06-26 06:00:00
2026-01-12 10:15:01,953 [DEBUG] [ETL:SP_UBT_GETRTSHOPCLOUD] [SP_GETCOMMONUBTDATES] Fund: from None to None
2026-01-12 10:15:02,041 [INFO] [ETL:SP_UBT_GETRTSHOPCLOUD] [SP_GETCOMMONUBTDATES] completed successfully in 12.93 seconds and fetched: rows=1
2026-01-12 10:15:05,135 [INFO] [ETL:SP_UBT_GETRTSHOPCLOUD] [SP_GETTRANSAMOUNTDETAILS] Processing df_trans_amt ...
2026-01-12 10:15:05,378 [INFO] [ETL:SP_UBT_GETRTSHOPCLOUD] [SP_GETTRANSAMOUNTDETAILS] '4D ProdID=2 SAL' completed successfully, rows=1018
2026-01-12 10:15:05,493 [INFO] [ETL:SP_UBT_GETRTSHOPCLOUD] [SP_GETTRANSAMOUNTDETAILS] 'TOTO ProdID=3 SAL' completed successfully, rows=1018
2026-01-12 10:15:05,587 [INFO] [ETL:SP_UBT_GETRTSHOPCLOUD] [SP_GETTRANSAMOUNTDETAILS] 'TOTO MATCH ProdID=3 SAL' completed successfully, rows=1018
2026-01-12 10:15:05,749 [INFO] [ETL:SP_UBT_GETRTSHOPCLOUD] [SP_GETTRANSAMOUNTDETAILS] 'SWEEP ProdID=4 SAL' completed successfully, rows=1018
2026-01-12 10:15:05,840 [INFO] [ETL:SP_UBT_GETRTSHOPCLOUD] [SP_GETTRANSAMOUNTDETAILS] 'SWEEP ProdID=4 SAL - added' completed successfully, rows=1018
2026-01-12 10:15:05,925 [INFO] [ETL:SP_UBT_GETRTSHOPCLOUD] [SP_GETTRANSAMOUNTDETAILS] 'SPORTS ProdID=5,6 SAL' completed successfully, rows=1018
2026-01-12 10:15:06,047 [INFO] [ETL:SP_UBT_GETRTSHOPCLOUD] [SP_GETTRANSAMOUNTDETAILS] 'HORSE RACING ProdID=1 COL' completed successfully, rows=1024
2026-01-12 10:15:06,154 [INFO] [ETL:SP_UBT_GETRTSHOPCLOUD] [SP_GETTRANSAMOUNTDETAILS] '4D ProdID=2 COL' completed successfully, rows=1025
2026-01-12 10:15:06,243 [INFO] [ETL:SP_UBT_GETRTSHOPCLOUD] [SP_GETTRANSAMOUNTDETAILS] 'TOTO ProdID=3 COL' completed successfully, rows=1024
2026-01-12 10:15:06,335 [INFO] [ETL:SP_UBT_GETRTSHOPCLOUD] [SP_GETTRANSAMOUNTDETAILS] 'TOTO MATCH ProdID=3 COL' completed successfully, rows=1024
2026-01-12 10:15:06,534 [INFO] [ETL:SP_UBT_GETRTSHOPCLOUD] [SP_GETTRANSAMOUNTDETAILS] 'SWEEP ProdID=4 COL PB06 PB03' completed successfully, rows=1025
2026-01-12 10:15:06,622 [INFO] [ETL:SP_UBT_GETRTSHOPCLOUD] [SP_GETTRANSAMOUNTDETAILS] 'SPORTS ProdID=5,6 COL' completed successfully, rows=1025
2026-01-12 10:15:06,811 [INFO] [ETL:SP_UBT_GETRTSHOPCLOUD] [SP_GETTRANSAMOUNTDETAILS] 'PAY' completed successfully, rows=2
2026-01-12 10:15:07,004 [INFO] [ETL:SP_UBT_GETRTSHOPCLOUD] [SP_GETTRANSAMOUNTDETAILS] 'HorseRacing PRODID=1 PAY LOSING BET REBATE-HORSE RACING' completed successfully, rows=1017
2026-01-12 10:15:07,110 [INFO] [ETL:SP_UBT_GETRTSHOPCLOUD] [SP_GETTRANSAMOUNTDETAILS] 'HorseRacing PRODID=1 CANCELLED' completed successfully, rows=1025
2026-01-12 10:15:07,211 [INFO] [ETL:SP_UBT_GETRTSHOPCLOUD] [SP_GETTRANSAMOUNTDETAILS] 'HorseRacing PRODID=2,3 CANCELLED' completed successfully, rows=3075
2026-01-12 10:15:07,308 [INFO] [ETL:SP_UBT_GETRTSHOPCLOUD] [SP_GETTRANSAMOUNTDETAILS] 'CANCELLED BETTICKETS SWEEP PRODID=4 CANCELLED' completed successfully, rows=1025
2026-01-12 10:15:07,410 [INFO] [ETL:SP_UBT_GETRTSHOPCLOUD] [SP_GETTRANSAMOUNTDETAILS] 'CANCELLED BETTICKETS SPORTS PRODID=5,6 CANCELLED' completed successfully, rows=1025
2026-01-12 10:15:07,425 [INFO] [ETL:SP_UBT_GETRTSHOPCLOUD] [SP_GETTRANSAMOUNTDETAILS] 'Payment Type 'NC','NN'' completed successfully, rows=1025
2026-01-12 10:15:07,440 [INFO] [ETL:SP_UBT_GETRTSHOPCLOUD] [SP_GETTRANSAMOUNTDETAILS] ' Pay Type 'NCC','NFP'' completed successfully, rows=1025
2026-01-12 10:15:07,468 [INFO] [ETL:SP_UBT_GETRTSHOPCLOUD] [SP_GETTRANSAMOUNTDETAILS] 'PayNow 'PNRIC'' completed successfully, rows=1025
2026-01-12 10:15:07,486 [INFO] [ETL:SP_UBT_GETRTSHOPCLOUD] [SP_GETTRANSAMOUNTDETAILS] 'PaynowQR 'PNQR'' completed successfully, rows=1025
2026-01-12 10:15:07,503 [INFO] [ETL:SP_UBT_GETRTSHOPCLOUD] [SP_GETTRANSAMOUNTDETAILS] 'PayNow Transaction Fee 'PNRIC'' completed successfully, rows=1025
2026-01-12 10:15:07,522 [INFO] [ETL:SP_UBT_GETRTSHOPCLOUD] [SP_GETTRANSAMOUNTDETAILS] 'PayNow Transaction Fee 'PNQR'' completed successfully, rows=1025
2026-01-12 10:15:07,789 [INFO] [ETL:SP_UBT_GETRTSHOPCLOUD] [SP_GETTRANSAMOUNTDETAILS] 'COL OFFLine ORDERS' completed successfully, rows=1025
2026-01-12 10:15:07,898 [INFO] [ETL:SP_UBT_GETRTSHOPCLOUD] [SP_GETTRANSAMOUNTDETAILS] 'RFD Offlines ORDERS' completed successfully, rows=1025
2026-01-12 10:15:07,986 [INFO] [ETL:SP_UBT_GETRTSHOPCLOUD] [SP_GETTRANSAMOUNTDETAILS] 'COL GATE ADMISSION' completed successfully, rows=1025
2026-01-12 10:15:08,179 [INFO] [ETL:SP_UBT_GETRTSHOPCLOUD] [SP_GETTRANSAMOUNTDETAILS] 'FUNDING AND RECOVERY - FUN' completed successfully, rows=1024
2026-01-12 10:15:08,299 [INFO] [ETL:SP_UBT_GETRTSHOPCLOUD] [SP_GETTRANSAMOUNTDETAILS] 'FUNDING AND RECOVERY - REC' completed successfully, rows=1024
2026-01-12 10:15:08,395 [INFO] [ETL:SP_UBT_GETRTSHOPCLOUD] [SP_GETTRANSAMOUNTDETAILS] 'ONLINE ADJUSTMENT - FUN' completed successfully, rows=1024
2026-01-12 10:15:08,504 [INFO] [ETL:SP_UBT_GETRTSHOPCLOUD] [SP_GETTRANSAMOUNTDETAILS] 'ONLINE ADJUSTMENT - REC' completed successfully, rows=1024
2026-01-12 10:15:08,576 [INFO] [ETL:SP_UBT_GETRTSHOPCLOUD] [SP_GETTRANSAMOUNTDETAILS] Date conversion completed
2026-01-12 10:15:08,873 [INFO] [ETL:SP_UBT_GETRTSHOPCLOUD] [SP_GETTRANSAMOUNTDETAILS] df_temp_gst_sal update completed in ubt_temp_trans_amt, rows=62465
2026-01-12 10:15:09,701 [INFO] [ETL:SP_UBT_GETRTSHOPCLOUD] [SP_GETTRANSAMOUNTDETAILS] ubt_temp_toto_can_tktcount update completed in ubt_temp_trans_amt, rows=62465
2026-01-12 10:15:09,888 [INFO] [ETL:SP_UBT_GETRTSHOPCLOUD] [SP_GETTRANSAMOUNTDETAILS] ubt_temp_totofo_can_tktcount update completed in ubt_temp_trans_amt, rows=62465
2026-01-12 10:15:09,966 [INFO] [ETL:SP_UBT_GETRTSHOPCLOUD] [SP_GETTRANSAMOUNTDETAILS] ubt_temp_toto_sal_count update completed in ubt_temp_trans_amt, rows=62465
2026-01-12 10:15:10,050 [INFO] [ETL:SP_UBT_GETRTSHOPCLOUD] [SP_GETTRANSAMOUNTDETAILS] ubt_temp_totofo_sal_count update completed in ubt_temp_trans_amt, rows=62465
2026-01-12 10:15:10,207 [INFO] [ETL:SP_UBT_GETRTSHOPCLOUD] [SP_GETTRANSAMOUNTDETAILS] completed successfully in 21.09 seconds and fetched: rows=56406
2026-01-12 10:15:10,269 [DEBUG] [ETL:SP_UBT_GETRTSHOPCLOUD] sp_ubt_gettransamountdetails Columns names ['TERDISPLAYID', 'PRODNAME', 'FLAG', 'AMOUNT', 'TICKETCOUNT', 'ACTUALDATE', 'LOCTYPEID', 'TRANSTYPE'], rows=55263
2026-01-12 10:15:10,269 [INFO] [ETL:SP_UBT_GETRTSHOPCLOUD] sp_ubt_gettransamountdetails returned 55263 records for procdate = 20250625.
2026-01-12 10:15:10,437 [INFO] [ETL:SP_UBT_GETRTSHOPCLOUD] Processing PayNow & PayNowQR...
2026-01-12 10:15:10,463 [DEBUG] [ETL:SP_UBT_GETRTSHOPCLOUD] Total PayNow records: rows=0
2026-01-12 10:15:10,507 [INFO] [ETL:SP_UBT_GETRTSHOPCLOUD] Filtering TerminalTempData...
2026-01-12 10:15:10,540 [DEBUG] [ETL:SP_UBT_GETRTSHOPCLOUD] TerminalTempData rows=10240
2026-01-12 10:15:10,540 [INFO] [ETL:SP_UBT_GETRTSHOPCLOUD] Enriching transaction data with terminal & location info...
2026-01-12 10:15:10,560 [INFO] [ETL:SP_UBT_GETRTSHOPCLOUD] Enriched dataset size: rows=10180
2026-01-12 10:15:10,635 [INFO] [ETL:SP_UBT_GETRTSHOPCLOUD] [PayNow_and_PaynowQR] TB_RTMS_RTShopCloud generated successfully, rows=0
2026-01-12 10:15:10,636 [INFO] [ETL:SP_UBT_GETRTSHOPCLOUD] vnowDayName is not 0 or 4, skipping second date processing.
2026-01-12 10:15:17,684 [INFO] [ETL:SP_UBT_GETRTSHOPCLOUD] [SP_GETCOMMONUBTDATES] Initializing SP_UBT_GETCOMMONUBTDATES with input range from=2025-06-25 00:00:00, to=2025-06-25 00:00:00
2026-01-12 10:15:20,098 [INFO] [ETL:SP_UBT_GETRTSHOPCLOUD] [SP_GETCOMMONUBTDATES] Retrieving BMCS/IGT/OB host ...
2026-01-12 10:15:20,098 [DEBUG] [ETL:SP_UBT_GETRTSHOPCLOUD] [SP_GETCOMMONUBTDATES] Querying perioddatetime for BMCS, date=2025-06-24 00:00:00
2026-01-12 10:15:20,706 [DEBUG] [ETL:SP_UBT_GETRTSHOPCLOUD] [SP_GETCOMMONUBTDATES] Querying perioddatetime for BMCS, date=2025-06-25 00:00:00
2026-01-12 10:15:21,098 [DEBUG] [ETL:SP_UBT_GETRTSHOPCLOUD] [SP_GETCOMMONUBTDATES] Querying perioddatetime for IGT, date=2025-06-24 00:00:00
2026-01-12 10:15:21,433 [DEBUG] [ETL:SP_UBT_GETRTSHOPCLOUD] [SP_GETCOMMONUBTDATES] Querying perioddatetime for IGT, date=2025-06-25 00:00:00
2026-01-12 10:15:21,792 [DEBUG] [ETL:SP_UBT_GETRTSHOPCLOUD] [SP_GETCOMMONUBTDATES] Querying perioddatetime for OB, date=2025-06-24 00:00:00
2026-01-12 10:15:22,205 [DEBUG] [ETL:SP_UBT_GETRTSHOPCLOUD] [SP_GETCOMMONUBTDATES] Querying perioddatetime for OB, date=2025-06-25 00:00:00
2026-01-12 10:15:22,553 [INFO] [ETL:SP_UBT_GETRTSHOPCLOUD] [SP_GETCOMMONUBTDATES] Retrieving NonHost window...
2026-01-12 10:15:22,805 [DEBUG] [ETL:SP_UBT_GETRTSHOPCLOUD] [SP_GETCOMMONUBTDATES] NonHost: from 2025-06-25 06:00:00 to 2025-06-26 06:00:00
2026-01-12 10:15:22,806 [DEBUG] [ETL:SP_UBT_GETRTSHOPCLOUD] [SP_GETCOMMONUBTDATES] Fund: from None to None
2026-01-12 10:15:22,963 [INFO] [ETL:SP_UBT_GETRTSHOPCLOUD] [SP_GETCOMMONUBTDATES] completed successfully in 33.85 seconds and fetched: rows=1
2026-01-12 10:15:26,051 [DEBUG] [ETL:SP_UBT_GETRTSHOPCLOUD] sp_ubt_getamounttransaction rows=77, columns=['TICKETSERIALNUMBER', 'WAGER', 'SECONDWAGER', 'SALES', 'SECONDSALES', 'SALESCOMM', 'SECONDSALESCOMM', 'GST', 'SECONDGST', 'RETURNAMOUNT', 'WINNINGAMOUNT']
2026-01-12 10:15:26,187 [DEBUG] [ETL:SP_UBT_GETRTSHOPCLOUD] [sp_ubt_getrtshopcloud_sport] df_ubt_tmp_V2_LocationTempData created with shape: rows=5852
2026-01-12 10:15:26,214 [DEBUG] [ETL:SP_UBT_GETRTSHOPCLOUD] [sp_ubt_getrtshopcloud_sport] df_ubt_tmp_V2_TSNWagerSalesAmountData created with shape: rows=0
2026-01-12 10:15:26,233 [DEBUG] [ETL:SP_UBT_GETRTSHOPCLOUD] [sp_ubt_getrtshopcloud_sport]✅ df_temp for Branch Normal calculation created with shape: rows=515
2026-01-12 10:15:26,234 [DEBUG] [ETL:SP_UBT_GETRTSHOPCLOUD] [sp_ubt_getrtshopcloud_sport]✅ vTotalAmount for Branch Normal calculation: 0.0
2026-01-12 10:15:26,250 [DEBUG] [ETL:SP_UBT_GETRTSHOPCLOUD] sp_ubt_getrtshopcloud_sport rows=0
2026-01-12 10:15:26,251 [INFO] [ETL:SP_UBT_GETRTSHOPCLOUD] [sp_ubt_getrtshopcloud_sport] TB_RTMS_RTShopCloud updated successfully, rows=0
2026-01-12 10:15:29,595 [DEBUG] [ETL:SP_UBT_GETRTSHOPCLOUD] sp_ubt_getrtshopcloud_hr rows=8
2026-01-12 10:15:29,597 [INFO] [ETL:SP_UBT_GETRTSHOPCLOUD] [sp_ubt_getrtshopcloud_hr] TB_RTMS_RTShopCloud updated successfully, rows=8
2026-01-12 10:15:29,600 [INFO] [ETL:SP_UBT_GETRTSHOPCLOUD] Converting data types to match Snowflake schema...
2026-01-12 10:15:29,609 [INFO] [ETL:SP_UBT_GETRTSHOPCLOUD] Final dataset rows=8.
2026-01-12 10:15:34,973 [INFO] [ETL:SP_UBT_GETRTSHOPCLOUD] Insert final data into Snowflake completed successfully
2026-01-12 10:15:34,974 [INFO] [ETL:SP_UBT_GETRTSHOPCLOUD] SP_UBT_GETRTSHOPCLOUD completed successfully in 45.86 seconds
